生成启动时间为 2015/12/7 8:46:56。
     1>项目“D:\GitHub\DirectX\OneFrame\OneFrame.vcxproj”在节点 2 上(rebuild 个目标)。
     1>InitializeBuildStatus:
         正在对“Debug\OneFrame.unsuccessfulbuild”执行 Touch 任务。
       ClCompile:
         E:\Program Files\VS2010\VC\bin\CL.exe /c /ZI /nologo /W3 /WX- /Od /Oy- /D WIN32 /D _DEBUG /D _WINDOWS /D _MBCS /Gm /EHsc /RTC1 /MDd /GS /fp:precise /Zc:wchar_t /Zc:forScope /Fo"Debug\\" /Fd"Debug\vc100.pdb" /Gd /TP /analyze- /errorReport:prompt cube.cpp d3dUtility.cpp myLog.cpp myrect.cpp workSpace.cpp
         workSpace.cpp
     1>d:\github\directx\oneframe\workspace.cpp : warning C4819: 该文件包含不能在当前代码页(936)中表示的字符。请将该文件保存为 Unicode 格式以防止数据丢失
         myrect.cpp
         myLog.cpp
     1>d:\github\directx\oneframe\mylog.cpp(22): warning C4996: '_vsnprintf': This function or variable may be unsafe. Consider using _vsnprintf_s instead. To disable deprecation, use _CRT_SECURE_NO_WARNINGS. See online help for details.
                 e:\program files\vs2010\vc\include\stdio.h(363) : 参见“_vsnprintf”的声明
         d3dUtility.cpp
         cube.cpp
         正在生成代码...
       ManifestResourceCompile:
         c:\Program Files (x86)\Microsoft SDKs\Windows\v7.0A\bin\rc.exe /nologo /fo"Debug\OneFrame.exe.embed.manifest.res" Debug\OneFrame_manifest.rc 
       Link:
         E:\Program Files\VS2010\VC\bin\link.exe /ERRORREPORT:PROMPT /OUT:"D:\GitHub\DirectX\OneFrame\Debug\OneFrame.exe" /INCREMENTAL /NOLOGO d3d9.lib d3dx9.lib winmm.lib kernel32.lib user32.lib gdi32.lib winspool.lib comdlg32.lib advapi32.lib shell32.lib ole32.lib oleaut32.lib uuid.lib odbc32.lib odbccp32.lib /MANIFEST /ManifestFile:"Debug\OneFrame.exe.intermediate.manifest" /MANIFESTUAC:"level='asInvoker' uiAccess='false'" /DEBUG /PDB:"D:\GitHub\DirectX\OneFrame\Debug\OneFrame.pdb" /SUBSYSTEM:WINDOWS /TLBID:1 /DYNAMICBASE /NXCOMPAT /IMPLIB:"D:\GitHub\DirectX\OneFrame\Debug\OneFrame.lib" /MACHINE:X86 Debug\OneFrame.exe.embed.manifest.res
         Debug\cube.obj
         Debug\d3dUtility.obj
         Debug\myLog.obj
         Debug\myrect.obj
         Debug\workSpace.obj
       Manifest:
         正在删除文件“Debug\OneFrame.exe.embed.manifest”。
         c:\Program Files (x86)\Microsoft SDKs\Windows\v7.0A\bin\mt.exe /nologo /verbose /out:"Debug\OneFrame.exe.embed.manifest" /manifest Debug\OneFrame.exe.intermediate.manifest
         c:\Program Files (x86)\Microsoft SDKs\Windows\v7.0A\bin\rc.exe /nologo /fo"Debug\OneFrame.exe.embed.manifest.res" Debug\OneFrame_manifest.rc 
       LinkEmbedManifest:
         E:\Program Files\VS2010\VC\bin\link.exe /ERRORREPORT:PROMPT /OUT:"D:\GitHub\DirectX\OneFrame\Debug\OneFrame.exe" /INCREMENTAL /NOLOGO d3d9.lib d3dx9.lib winmm.lib kernel32.lib user32.lib gdi32.lib winspool.lib comdlg32.lib advapi32.lib shell32.lib ole32.lib oleaut32.lib uuid.lib odbc32.lib odbccp32.lib /MANIFEST /ManifestFile:"Debug\OneFrame.exe.intermediate.manifest" /MANIFESTUAC:"level='asInvoker' uiAccess='false'" /DEBUG /PDB:"D:\GitHub\DirectX\OneFrame\Debug\OneFrame.pdb" /SUBSYSTEM:WINDOWS /TLBID:1 /DYNAMICBASE /NXCOMPAT /IMPLIB:"D:\GitHub\DirectX\OneFrame\Debug\OneFrame.lib" /MACHINE:X86 Debug\OneFrame.exe.embed.manifest.res
         Debug\cube.obj
         Debug\d3dUtility.obj
         Debug\myLog.obj
         Debug\myrect.obj
         Debug\workSpace.obj
         OneFrame.vcxproj -> D:\GitHub\DirectX\OneFrame\Debug\OneFrame.exe
       FinalizeBuildStatus:
         正在删除文件“Debug\OneFrame.unsuccessfulbuild”。
         正在对“Debug\OneFrame.lastbuildstate”执行 Touch 任务。
     1>已完成生成项目“D:\GitHub\DirectX\OneFrame\OneFrame.vcxproj”(rebuild 个目标)的操作。

生成成功。

已用时间 00:00:10.55
